# JRE version: OpenJDK Runtime Environment (8.0_152-b01) (build 1.8.0_152-release-915-b01)
# Java VM: OpenJDK Server VM (25.152-b01 mixed mode windows-x86 )
Heap:
 def new generation   total 30592K, used 19158K [0x11000000, 0x13130000, 0x26550000)
  eden space 27200K,  57% used [0x11000000, 0x11f658e8, 0x12a90000)
  from space 3392K, 100% used [0x12a90000, 0x12de0000, 0x12de0000)
  to   space 3392K,   0% used [0x12de0000, 0x12de0000, 0x13130000)
 tenured generation   total 67756K, used 47936K [0x26550000, 0x2a77b000, 0x51000000)
   the space 67756K,  70% used [0x26550000, 0x294203f8, 0x29420400, 0x2a77b000)
 Metaspace       used 41661K, capacity 42907K, committed 43008K, reserved 43392K
GC Heap History (10 events):
Event: 103.726 GC heap before
{Heap before GC invocations=80 (full 3):
 def new generation   total 21120K, used 21120K [0x11000000, 0x126e0000, 0x26550000)
  eden space 18816K, 100% used [0x11000000, 0x12260000, 0x12260000)
  from space 2304K, 100% used [0x124a0000, 0x126e0000, 0x126e0000)
  to   space 2304K,   0% used [0x12260000, 0x12260000, 0x124a0000)
 tenured generation   total 46728K, used 46000K [0x26550000, 0x292f2000, 0x51000000)
   the space 46728K,  98% used [0x26550000, 0x2923c3c0, 0x2923c400, 0x292f2000)
 Metaspace       used 39454K, capacity 40697K, committed 40704K, reserved 41344K
Event: 104.078 GC heap after
Heap after GC invocations=81 (full 4):
 def new generation   total 30592K, used 0K [0x11000000, 0x13130000, 0x26550000)
  eden space 27200K,   0% used [0x11000000, 0x11000000, 0x12a90000)
  from space 3392K,   0% used [0x12a90000, 0x12a90000, 0x12de0000)
  to   space 3392K,   0% used [0x12de0000, 0x12de0000, 0x13130000)
 tenured generation   total 67756K, used 40652K [0x26550000, 0x2a77b000, 0x51000000)
   the space 67756K,  59% used [0x26550000, 0x28d03238, 0x28d03400, 0x2a77b000)
 Metaspace       used 39454K, capacity 40697K, committed 40704K, reserved 41344K
}
Event: 106.308 GC heap before
{Heap before GC invocations=81 (full 4):
 def new generation   total 30592K, used 27200K [0x11000000, 0x13130000, 0x26550000)
  eden space 27200K, 100% used [0x11000000, 0x12a90000, 0x12a90000)
  from space 3392K,   0% used [0x12a90000, 0x12a90000, 0x12de0000)
  to   space 3392K,   0% used [0x12de0000, 0x12de0000, 0x13130000)
 tenured generation   total 67756K, used 40652K [0x26550000, 0x2a77b000, 0x51000000)
   the space 67756K,  59% used [0x26550000, 0x28d03238, 0x28d03400, 0x2a77b000)
 Metaspace       used 39564K, capacity 40827K, committed 40832K, reserved 41344K
Event: 106.315 GC heap after
Heap after GC invocations=82 (full 4):
 def new generation   total 30592K, used 612K [0x11000000, 0x13130000, 0x26550000)
  eden space 27200K,   0% used [0x11000000, 0x11000000, 0x12a90000)
  from space 3392K,  18% used [0x12de0000, 0x12e79350, 0x13130000)
  to   space 3392K,   0% used [0x12a90000, 0x12a90000, 0x12de0000)
 tenured generation   total 67756K, used 40652K [0x26550000, 0x2a77b000, 0x51000000)
   the space 67756K,  59% used [0x26550000, 0x28d03238, 0x28d03400, 0x2a77b000)
 Metaspace       used 39564K, capacity 40827K, committed 40832K, reserved 41344K
}
Event: 108.756 GC heap before
{Heap before GC invocations=82 (full 4):
 def new generation   total 30592K, used 27812K [0x11000000, 0x13130000, 0x26550000)
  eden space 27200K, 100% used [0x11000000, 0x12a90000, 0x12a90000)
  from space 3392K,  18% used [0x12de0000, 0x12e79350, 0x13130000)
  to   space 3392K,   0% used [0x12a90000, 0x12a90000, 0x12de0000)
 tenured generation   total 67756K, used 40652K [0x26550000, 0x2a77b000, 0x51000000)
   the space 67756K,  59% used [0x26550000, 0x28d03238, 0x28d03400, 0x2a77b000)
 Metaspace       used 40193K, capacity 41424K, committed 41472K, reserved 42368K
Event: 108.785 GC heap after
Heap after GC invocations=83 (full 4):
 def new generation   total 30592K, used 3392K [0x11000000, 0x13130000, 0x26550000)
  eden space 27200K,   0% used [0x11000000, 0x11000000, 0x12a90000)
  from space 3392K, 100% used [0x12a90000, 0x12de0000, 0x12de0000)
  to   space 3392K,   0% used [0x12de0000, 0x12de0000, 0x13130000)
 tenured generation   total 67756K, used 41016K [0x26550000, 0x2a77b000, 0x51000000)
   the space 67756K,  60% used [0x26550000, 0x28d5e378, 0x28d5e400, 0x2a77b000)
 Metaspace       used 40193K, capacity 41424K, committed 41472K, reserved 42368K
}
Event: 112.387 GC heap before
{Heap before GC invocations=83 (full 4):
 def new generation   total 30592K, used 30592K [0x11000000, 0x13130000, 0x26550000)
  eden space 27200K, 100% used [0x11000000, 0x12a90000, 0x12a90000)
  from space 3392K, 100% used [0x12a90000, 0x12de0000, 0x12de0000)
  to   space 3392K,   0% used [0x12de0000, 0x12de0000, 0x13130000)
 tenured generation   total 67756K, used 41016K [0x26550000, 0x2a77b000, 0x51000000)
   the space 67756K,  60% used [0x26550000, 0x28d5e378, 0x28d5e400, 0x2a77b000)
 Metaspace       used 40780K, capacity 41993K, committed 42112K, reserved 42368K
Event: 112.434 GC heap after
Heap after GC invocations=84 (full 4):
 def new generation   total 30592K, used 3392K [0x11000000, 0x13130000, 0x26550000)
  eden space 27200K,   0% used [0x11000000, 0x11000000, 0x12a90000)
  from space 3392K, 100% used [0x12de0000, 0x13130000, 0x13130000)
  to   space 3392K,   0% used [0x12a90000, 0x12a90000, 0x12de0000)
 tenured generation   total 67756K, used 44363K [0x26550000, 0x2a77b000, 0x51000000)
   the space 67756K,  65% used [0x26550000, 0x290a2fb8, 0x290a3000, 0x2a77b000)
 Metaspace       used 40780K, capacity 41993K, committed 42112K, reserved 42368K
}
Event: 114.043 GC heap before
{Heap before GC invocations=84 (full 4):
 def new generation   total 30592K, used 30592K [0x11000000, 0x13130000, 0x26550000)
  eden space 27200K, 100% used [0x11000000, 0x12a90000, 0x12a90000)
  from space 3392K, 100% used [0x12de0000, 0x13130000, 0x13130000)
  to   space 3392K,   0% used [0x12a90000, 0x12a90000, 0x12de0000)
 tenured generation   total 67756K, used 44363K [0x26550000, 0x2a77b000, 0x51000000)
   the space 67756K,  65% used [0x26550000, 0x290a2fb8, 0x290a3000, 0x2a77b000)
 Metaspace       used 41016K, capacity 42291K, committed 42368K, reserved 42368K
Event: 114.084 GC heap after
Heap after GC invocations=85 (full 4):
 def new generation   total 30592K, used 3392K [0x11000000, 0x13130000, 0x26550000)
  eden space 27200K,   0% used [0x11000000, 0x11000000, 0x12a90000)
  from space 3392K, 100% used [0x12a90000, 0x12de0000, 0x12de0000)
  to   space 3392K,   0% used [0x12de0000, 0x12de0000, 0x13130000)
 tenured generation   total 67756K, used 47936K [0x26550000, 0x2a77b000, 0x51000000)
   the space 67756K,  70% used [0x26550000, 0x294203f8, 0x29420400, 0x2a77b000)
 Metaspace       used 41016K, capacity 42291K, committed 42368K, reserved 42368K
}

