# JRE version: OpenJDK Runtime Environment (8.0_152-b01) (build 1.8.0_152-release-915-b01)
# Java VM: OpenJDK Server VM (25.152-b01 mixed mode windows-x86 )
Heap:
 def new generation   total 31360K, used 25204K [0x10e00000, 0x13000000, 0x26350000)
  eden space 27904K,  77% used [0x10e00000, 0x1233d090, 0x12940000)
  from space 3456K, 100% used [0x12940000, 0x12ca0000, 0x12ca0000)
  to   space 3456K,   0% used [0x12ca0000, 0x12ca0000, 0x13000000)
 tenured generation   total 69436K, used 60386K [0x26350000, 0x2a71f000, 0x50e00000)
   the space 69436K,  86% used [0x26350000, 0x29e48a78, 0x29e48c00, 0x2a71f000)
 Metaspace       used 45090K, capacity 46551K, committed 46592K, reserved 47488K
GC Heap History (10 events):
Event: 351.768 GC heap before
{Heap before GC invocations=91 (full 4):
 def new generation   total 31360K, used 30373K [0x10e00000, 0x13000000, 0x26350000)
  eden space 27904K, 100% used [0x10e00000, 0x12940000, 0x12940000)
  from space 3456K,  71% used [0x12ca0000, 0x12f09628, 0x13000000)
  to   space 3456K,   0% used [0x12940000, 0x12940000, 0x12ca0000)
 tenured generation   total 69436K, used 51013K [0x26350000, 0x2a71f000, 0x50e00000)
   the space 69436K,  73% used [0x26350000, 0x29521430, 0x29521600, 0x2a71f000)
 Metaspace       used 43918K, capacity 45365K, committed 45440K, reserved 45440K
Event: 351.792 GC heap after
Heap after GC invocations=92 (full 4):
 def new generation   total 31360K, used 1310K [0x10e00000, 0x13000000, 0x26350000)
  eden space 27904K,   0% used [0x10e00000, 0x10e00000, 0x12940000)
  from space 3456K,  37% used [0x12940000, 0x12a87ab8, 0x12ca0000)
  to   space 3456K,   0% used [0x12ca0000, 0x12ca0000, 0x13000000)
 tenured generation   total 69436K, used 52813K [0x26350000, 0x2a71f000, 0x50e00000)
   the space 69436K,  76% used [0x26350000, 0x296e37d8, 0x296e3800, 0x2a71f000)
 Metaspace       used 43918K, capacity 45365K, committed 45440K, reserved 45440K
}
Event: 352.795 GC heap before
{Heap before GC invocations=92 (full 4):
 def new generation   total 31360K, used 29214K [0x10e00000, 0x13000000, 0x26350000)
  eden space 27904K, 100% used [0x10e00000, 0x12940000, 0x12940000)
  from space 3456K,  37% used [0x12940000, 0x12a87ab8, 0x12ca0000)
  to   space 3456K,   0% used [0x12ca0000, 0x12ca0000, 0x13000000)
 tenured generation   total 69436K, used 52813K [0x26350000, 0x2a71f000, 0x50e00000)
   the space 69436K,  76% used [0x26350000, 0x296e37d8, 0x296e3800, 0x2a71f000)
 Metaspace       used 43950K, capacity 45410K, committed 45440K, reserved 45440K
Event: 352.810 GC heap after
Heap after GC invocations=93 (full 4):
 def new generation   total 31360K, used 2104K [0x10e00000, 0x13000000, 0x26350000)
  eden space 27904K,   0% used [0x10e00000, 0x10e00000, 0x12940000)
  from space 3456K,  60% used [0x12ca0000, 0x12eae0e0, 0x13000000)
  to   space 3456K,   0% used [0x12940000, 0x12940000, 0x12ca0000)
 tenured generation   total 69436K, used 52813K [0x26350000, 0x2a71f000, 0x50e00000)
   the space 69436K,  76% used [0x26350000, 0x296e37d8, 0x296e3800, 0x2a71f000)
 Metaspace       used 43950K, capacity 45410K, committed 45440K, reserved 45440K
}
Event: 357.606 GC heap before
{Heap before GC invocations=93 (full 4):
 def new generation   total 31360K, used 30008K [0x10e00000, 0x13000000, 0x26350000)
  eden space 27904K, 100% used [0x10e00000, 0x12940000, 0x12940000)
  from space 3456K,  60% used [0x12ca0000, 0x12eae0e0, 0x13000000)
  to   space 3456K,   0% used [0x12940000, 0x12940000, 0x12ca0000)
 tenured generation   total 69436K, used 52813K [0x26350000, 0x2a71f000, 0x50e00000)
   the space 69436K,  76% used [0x26350000, 0x296e37d8, 0x296e3800, 0x2a71f000)
 Metaspace       used 44006K, capacity 45435K, committed 45440K, reserved 45440K
Event: 357.631 GC heap after
Heap after GC invocations=94 (full 4):
 def new generation   total 31360K, used 2149K [0x10e00000, 0x13000000, 0x26350000)
  eden space 27904K,   0% used [0x10e00000, 0x10e00000, 0x12940000)
  from space 3456K,  62% used [0x12940000, 0x12b59628, 0x12ca0000)
  to   space 3456K,   0% used [0x12ca0000, 0x12ca0000, 0x13000000)
 tenured generation   total 69436K, used 53997K [0x26350000, 0x2a71f000, 0x50e00000)
   the space 69436K,  77% used [0x26350000, 0x2980b5d8, 0x2980b600, 0x2a71f000)
 Metaspace       used 44006K, capacity 45435K, committed 45440K, reserved 45440K
}
Event: 386.292 GC heap before
{Heap before GC invocations=94 (full 4):
 def new generation   total 31360K, used 30053K [0x10e00000, 0x13000000, 0x26350000)
  eden space 27904K, 100% used [0x10e00000, 0x12940000, 0x12940000)
  from space 3456K,  62% used [0x12940000, 0x12b59628, 0x12ca0000)
  to   space 3456K,   0% used [0x12ca0000, 0x12ca0000, 0x13000000)
 tenured generation   total 69436K, used 53997K [0x26350000, 0x2a71f000, 0x50e00000)
   the space 69436K,  77% used [0x26350000, 0x2980b5d8, 0x2980b600, 0x2a71f000)
 Metaspace       used 44491K, capacity 45965K, committed 46080K, reserved 46464K
Event: 386.324 GC heap after
Heap after GC invocations=95 (full 4):
 def new generation   total 31360K, used 3456K [0x10e00000, 0x13000000, 0x26350000)
  eden space 27904K,   0% used [0x10e00000, 0x10e00000, 0x12940000)
  from space 3456K, 100% used [0x12ca0000, 0x13000000, 0x13000000)
  to   space 3456K,   0% used [0x12940000, 0x12940000, 0x12ca0000)
 tenured generation   total 69436K, used 55055K [0x26350000, 0x2a71f000, 0x50e00000)
   the space 69436K,  79% used [0x26350000, 0x29913c28, 0x29913e00, 0x2a71f000)
 Metaspace       used 44491K, capacity 45965K, committed 46080K, reserved 46464K
}
Event: 388.931 GC heap before
{Heap before GC invocations=95 (full 4):
 def new generation   total 31360K, used 31360K [0x10e00000, 0x13000000, 0x26350000)
  eden space 27904K, 100% used [0x10e00000, 0x12940000, 0x12940000)
  from space 3456K, 100% used [0x12ca0000, 0x13000000, 0x13000000)
  to   space 3456K,   0% used [0x12940000, 0x12940000, 0x12ca0000)
 tenured generation   total 69436K, used 55055K [0x26350000, 0x2a71f000, 0x50e00000)
   the space 69436K,  79% used [0x26350000, 0x29913c28, 0x29913e00, 0x2a71f000)
 Metaspace       used 44549K, capacity 46029K, committed 46080K, reserved 46464K
Event: 388.993 GC heap after
Heap after GC invocations=96 (full 4):
 def new generation   total 31360K, used 3456K [0x10e00000, 0x13000000, 0x26350000)
  eden space 27904K,   0% used [0x10e00000, 0x10e00000, 0x12940000)
  from space 3456K, 100% used [0x12940000, 0x12ca0000, 0x12ca0000)
  to   space 3456K,   0% used [0x12ca0000, 0x12ca0000, 0x13000000)
 tenured generation   total 69436K, used 60386K [0x26350000, 0x2a71f000, 0x50e00000)
   the space 69436K,  86% used [0x26350000, 0x29e48a78, 0x29e48c00, 0x2a71f000)
 Metaspace       used 44549K, capacity 46029K, committed 46080K, reserved 46464K
}

